[    2876ms] [INFO] %cDownload the React DevTools for a better development experience: https://reactjs.org/link/react-devtools font-weight:bold @ webpack-internal:///(app-pages-browser)/../../node_modules/.pnpm/next@14.2.5_react-dom@18.3.1_react@18.3.1/node_modules/next/dist/compiled/react-dom/cjs/react-dom.development.js:38559
[    3326ms] [ERROR] Warning: In HTML, %s cannot be a descendant of <%s>.
This will cause a hydration error.%s <form> form 
    at form
    at aside
    at StaticOrderSummary (webpack-internal:///(app-pages-browser)/./components/order-ui.tsx:78:11)
    at form
    at div
    at CheckoutView (webpack-internal:///(app-pages-browser)/./components/checkout-view.tsx:19:80)
    at main
    at CheckoutPage (Server)
    at InnerLayoutRouter (webpack-internal:///(app-pages-browser)/../../node_modules/.pnpm/next@14.2.5_react-dom@18.3.1_react@18.3.1/node_modules/next/dist/client/components/layout-router.js:243:11)
    at RedirectErrorBoundary (webpack-internal:///(app-pages-browser)/../../node_modules/.pnpm/next@14.2.5_react-dom@18.3.1_react@18.3.1/node_modules/next/dist/client/components/redirect-boundary.js:74:9)
    at RedirectBoundary (webpack-internal:///(app-pages-browser)/../../node_modules/.pnpm/next@14.2.5_react-dom@18.3.1_react@18.3.1/node_modules/next/dist/client/components/redirect-boundary.js:82:11)
    at NotFoundBoundary (webpack-internal:///(app-pages-browser)/../../node_modules/.pnpm/next@14.2.5_react-dom@18.3.1_react@18.3.1/node_modules/next/dist/client/components/not-found-boundary.js:84:11)
    at LoadingBoundary (webpack-internal:///(app-pages-browser)/../../node_modules/.pnpm/next@14.2.5_react-dom@18.3.1_react@18.3.1/node_modules/next/dist/client/components/layout-router.js:349:11)
    at ErrorBoundary (webpack-internal:///(app-pages-browser)/../../node_modules/.pnpm/next@14.2.5_react-dom@18.3.1_react@18.3.1/node_modules/next/dist/client/components/error-boundary.js:160:11)
    at InnerScrollAndFocusHandler (webpack-internal:///(app-pages-browser)/../../node_modules/.pnpm/next@14.2.5_react-dom@18.3.1_react@18.3.1/node_modules/next/dist/client/components/layout-router.js:153:9)
    at ScrollAndFocusHandler (webpack-internal:///(app-pages-browser)/../../node_modules/.pnpm/next@14.2.5_react-dom@18.3.1_react@18.3.1/node_modules/next/dist/client/components/layout-router.js:228:11)
    at RenderFromTemplateContext (webpack-internal:///(app-pages-browser)/../../node_modules/.pnpm/next@14.2.5_react-dom@18.3.1_react@18.3.1/node_modules/next/dist/client/components/render-from-template-context.js:16:44)
    at OuterLayoutRouter (webpack-internal:///(app-pages-browser)/../../node_modules/.pnpm/next@14.2.5_react-dom@18.3.1_react@18.3.1/node_modules/next/dist/client/components/layout-router.js:370:11)
    at InnerLayoutRouter (webpack-internal:///(app-pages-browser)/../../node_modules/.pnpm/next@14.2.5_react-dom@18.3.1_react@18.3.1/node_modules/next/dist/client/components/layout-router.js:243:11)
    at RedirectErrorBoundary (webpack-internal:///(app-pages-browser)/../../node_modules/.pnpm/next@14.2.5_react-dom@18.3.1_react@18.3.1/node_modules/next/dist/client/components/redirect-boundary.js:74:9)
    at RedirectBoundary (webpack-internal:///(app-pages-browser)/../../node_modules/.pnpm/next@14.2.5_react-dom@18.3.1_react@18.3.1/node_modules/next/dist/client/components/redirect-boundary.js:82:11)
    at NotFoundErrorBoundary (webpack-internal:///(app-pages-browser)/../../node_modules/.pnpm/next@14.2.5_react-dom@18.3.1_react@18.3.1/node_modules/next/dist/client/components/not-found-boundary.js:76:9)
    at NotFoundBoundary (webpack-internal:///(app-pages-browser)/../../node_modules/.pnpm/next@14.2.5_react-dom@18.3.1_react@18.3.1/node_modules/next/dist/client/components/not-found-boundary.js:84:11)
    at LoadingBoundary (webpack-internal:///(app-pages-browser)/../../node_modules/.pnpm/next@14.2.5_react-dom@18.3.1_react@18.3.1/node_modules/next/dist/client/components/layout-router.js:349:11)
    at ErrorBoundary (webpack-internal:///(app-pages-browser)/../../node_modules/.pnpm/next@14.2.5_react-dom@18.3.1_react@18.3.1/node_modules/next/dist/client/components/error-boundary.js:160:11)
    at InnerScrollAndFocusHandler (webpack-internal:///(app-pages-browser)/../../node_modules/.pnpm/next@14.2.5_react-dom@18.3.1_react@18.3.1/node_modules/next/dist/client/components/layout-router.js:153:9)
    at ScrollAndFocusHandler (webpack-internal:///(app-pages-browser)/../../node_modules/.pnpm/next@14.2.5_react-dom@18.3.1_react@18.3.1/node_modules/next/dist/client/components/layout-router.js:228:11)
    at RenderFromTemplateContext (webpack-internal:///(app-pages-browser)/../../node_modules/.pnpm/next@14.2.5_react-dom@18.3.1_react@18.3.1/node_modules/next/dist/client/components/render-from-template-context.js:16:44)
    at OuterLayoutRouter (webpack-internal:///(app-pages-browser)/../../node_modules/.pnpm/next@14.2.5_react-dom@18.3.1_react@18.3.1/node_modules/next/dist/client/components/layout-router.js:370:11)
    at div
    at body
    at html
    at RootLayout (Server)
    at RedirectErrorBoundary (webpack-internal:///(app-pages-browser)/../../node_modules/.pnpm/next@14.2.5_react-dom@18.3.1_react@18.3.1/node_modules/next/dist/client/components/redirect-boundary.js:74:9)
    at RedirectBoundary (webpack-internal:///(app-pages-browser)/../../node_modules/.pnpm/next@14.2.5_react-dom@18.3.1_react@18.3.1/node_modules/next/dist/client/components/redirect-boundary.js:82:11)
    at NotFoundErrorBoundary (webpack-internal:///(app-pages-browser)/../../node_modules/.pnpm/next@14.2.5_react-dom@18.3.1_react@18.3.1/node_modules/next/dist/client/components/not-found-boundary.js:76:9)
    at NotFoundBoundary (webpack-internal:///(app-pages-browser)/../../node_modules/.pnpm/next@14.2.5_react-dom@18.3.1_react@18.3.1/node_modules/next/dist/client/components/not-found-boundary.js:84:11)
    at DevRootNotFoundBoundary (webpack-internal:///(app-pages-browser)/../../node_modules/.pnpm/next@14.2.5_react-dom@18.3.1_react@18.3.1/node_modules/next/dist/client/components/dev-root-not-found-boundary.js:33:11)
    at ReactDevOverlay (webpack-internal:///(app-pages-browser)/../../node_modules/.pnpm/next@14.2.5_react-dom@18.3.1_react@18.3.1/node_modules/next/dist/client/components/react-dev-overlay/app/ReactDevOverlay.js:87:9)
    at HotReload (webpack-internal:///(app-pages-browser)/../../node_modules/.pnpm/next@14.2.5_react-dom@18.3.1_react@18.3.1/node_modules/next/dist/client/components/react-dev-overlay/app/hot-reloader-client.js:321:11)
    at Router (webpack-internal:///(app-pages-browser)/../../node_modules/.pnpm/next@14.2.5_react-dom@18.3.1_react@18.3.1/node_modules/next/dist/client/components/app-router.js:207:11)
    at ErrorBoundaryHandler (webpack-internal:///(app-pages-browser)/../../node_modules/.pnpm/next@14.2.5_react-dom@18.3.1_react@18.3.1/node_modules/next/dist/client/components/error-boundary.js:113:9)
    at ErrorBoundary (webpack-internal:///(app-pages-browser)/../../node_modules/.pnpm/next@14.2.5_react-dom@18.3.1_react@18.3.1/node_modules/next/dist/client/components/error-boundary.js:160:11)
    at AppRouter (webpack-internal:///(app-pages-browser)/../../node_modules/.pnpm/next@14.2.5_react-dom@18.3.1_react@18.3.1/node_modules/next/dist/client/components/app-router.js:585:13)
    at ServerRoot (webpack-internal:///(app-pages-browser)/../../node_modules/.pnpm/next@14.2.5_react-dom@18.3.1_react@18.3.1/node_modules/next/dist/client/app-index.js:112:27)
    at Root (webpack-internal:///(app-pages-browser)/../../node_modules/.pnpm/next@14.2.5_react-dom@18.3.1_react@18.3.1/node_modules/next/dist/client/app-index.js:117:11) @ webpack-internal:///(app-pages-browser)/../../node_modules/.pnpm/next@14.2.5_react-dom@18.3.1_react@18.3.1/node_modules/next/dist/client/app-index.js:32
[    3336ms] Error: Hydration failed because the initial UI does not match what was rendered on the server.
See more info here: https://nextjs.org/docs/messages/react-hydration-error
    at throwOnHydrationMismatch (webpack-internal:///(app-pages-browser)/../../node_modules/.pnpm/next@14.2.5_react-dom@18.3.1_react@18.3.1/node_modules/next/dist/compiled/react-dom/cjs/react-dom.development.js:6981:9)
    at tryToClaimNextHydratableInstance (webpack-internal:///(app-pages-browser)/../../node_modules/.pnpm/next@14.2.5_react-dom@18.3.1_react@18.3.1/node_modules/next/dist/compiled/react-dom/cjs/react-dom.development.js:7040:7)
    at updateHostComponent$1 (webpack-internal:///(app-pages-browser)/../../node_modules/.pnpm/next@14.2.5_react-dom@18.3.1_react@18.3.1/node_modules/next/dist/compiled/react-dom/cjs/react-dom.development.js:16621:5)
    at beginWork$1 (webpack-internal:///(app-pages-browser)/../../node_modules/.pnpm/next@14.2.5_react-dom@18.3.1_react@18.3.1/node_modules/next/dist/compiled/react-dom/cjs/react-dom.development.js:18503:14)
    at HTMLUnknownElement.callCallback (webpack-internal:///(app-pages-browser)/../../node_modules/.pnpm/next@14.2.5_react-dom@18.3.1_react@18.3.1/node_modules/next/dist/compiled/react-dom/cjs/react-dom.development.js:20565:14)
    at Object.invokeGuardedCallbackImpl (webpack-internal:///(app-pages-browser)/../../node_modules/.pnpm/next@14.2.5_react-dom@18.3.1_react@18.3.1/node_modules/next/dist/compiled/react-dom/cjs/react-dom.development.js:20614:16)
    at invokeGuardedCallback (webpack-internal:///(app-pages-browser)/../../node_modules/.pnpm/next@14.2.5_react-dom@18.3.1_react@18.3.1/node_modules/next/dist/compiled/react-dom/cjs/react-dom.development.js:20689:29)
    at beginWork (webpack-internal:///(app-pages-browser)/../../node_modules/.pnpm/next@14.2.5_react-dom@18.3.1_react@18.3.1/node_modules/next/dist/compiled/react-dom/cjs/react-dom.development.js:26949:7)
    at performUnitOfWork (webpack-internal:///(app-pages-browser)/../../node_modules/.pnpm/next@14.2.5_react-dom@18.3.1_react@18.3.1/node_modules/next/dist/compiled/react-dom/cjs/react-dom.development.js:25748:12)
    at workLoopConcurrent (webpack-internal:///(app-pages-browser)/../../node_modules/.pnpm/next@14.2.5_react-dom@18.3.1_react@18.3.1/node_modules/next/dist/compiled/react-dom/cjs/react-dom.development.js:25734:5)
    at renderRootConcurrent (webpack-internal:///(app-pages-browser)/../../node_modules/.pnpm/next@14.2.5_react-dom@18.3.1_react@18.3.1/node_modules/next/dist/compiled/react-dom/cjs/react-dom.development.js:25690:9)
    at performConcurrentWorkOnRoot (webpack-internal:///(app-pages-browser)/../../node_modules/.pnpm/next@14.2.5_react-dom@18.3.1_react@18.3.1/node_modules/next/dist/compiled/react-dom/cjs/react-dom.development.js:24504:38)
    at workLoop (webpack-internal:///(app-pages-browser)/../../node_modules/.pnpm/next@14.2.5_react-dom@18.3.1_react@18.3.1/node_modules/next/dist/compiled/scheduler/cjs/scheduler.development.js:256:34)
    at flushWork (webpack-internal:///(app-pages-browser)/../../node_modules/.pnpm/next@14.2.5_react-dom@18.3.1_react@18.3.1/node_modules/next/dist/compiled/scheduler/cjs/scheduler.development.js:225:14)
    at MessagePort.performWorkUntilDeadline (webpack-internal:///(app-pages-browser)/../../node_modules/.pnpm/next@14.2.5_react-dom@18.3.1_react@18.3.1/node_modules/next/dist/compiled/scheduler/cjs/scheduler.development.js:534:21)
[    3345ms] [ERROR] Warning: An error occurred during hydration. The server HTML was replaced with client content in <%s>. #document @ webpack-internal:///(app-pages-browser)/../../node_modules/.pnpm/next@14.2.5_react-dom@18.3.1_react@18.3.1/node_modules/next/dist/client/app-index.js:32
[    3446ms] Error: Hydration failed because the initial UI does not match what was rendered on the server.
See more info here: https://nextjs.org/docs/messages/react-hydration-error
    at throwOnHydrationMismatch (webpack-internal:///(app-pages-browser)/../../node_modules/.pnpm/next@14.2.5_react-dom@18.3.1_react@18.3.1/node_modules/next/dist/compiled/react-dom/cjs/react-dom.development.js:6981:9)
    at tryToClaimNextHydratableInstance (webpack-internal:///(app-pages-browser)/../../node_modules/.pnpm/next@14.2.5_react-dom@18.3.1_react@18.3.1/node_modules/next/dist/compiled/react-dom/cjs/react-dom.development.js:7040:7)
    at updateHostComponent$1 (webpack-internal:///(app-pages-browser)/../../node_modules/.pnpm/next@14.2.5_react-dom@18.3.1_react@18.3.1/node_modules/next/dist/compiled/react-dom/cjs/react-dom.development.js:16621:5)
    at beginWork$1 (webpack-internal:///(app-pages-browser)/../../node_modules/.pnpm/next@14.2.5_react-dom@18.3.1_react@18.3.1/node_modules/next/dist/compiled/react-dom/cjs/react-dom.development.js:18503:14)
    at beginWork (webpack-internal:///(app-pages-browser)/../../node_modules/.pnpm/next@14.2.5_react-dom@18.3.1_react@18.3.1/node_modules/next/dist/compiled/react-dom/cjs/react-dom.development.js:26927:14)
    at performUnitOfWork (webpack-internal:///(app-pages-browser)/../../node_modules/.pnpm/next@14.2.5_react-dom@18.3.1_react@18.3.1/node_modules/next/dist/compiled/react-dom/cjs/react-dom.development.js:25748:12)
    at workLoopConcurrent (webpack-internal:///(app-pages-browser)/../../node_modules/.pnpm/next@14.2.5_react-dom@18.3.1_react@18.3.1/node_modules/next/dist/compiled/react-dom/cjs/react-dom.development.js:25734:5)
    at renderRootConcurrent (webpack-internal:///(app-pages-browser)/../../node_modules/.pnpm/next@14.2.5_react-dom@18.3.1_react@18.3.1/node_modules/next/dist/compiled/react-dom/cjs/react-dom.development.js:25690:9)
    at performConcurrentWorkOnRoot (webpack-internal:///(app-pages-browser)/../../node_modules/.pnpm/next@14.2.5_react-dom@18.3.1_react@18.3.1/node_modules/next/dist/compiled/react-dom/cjs/react-dom.development.js:24504:38)
    at workLoop (webpack-internal:///(app-pages-browser)/../../node_modules/.pnpm/next@14.2.5_react-dom@18.3.1_react@18.3.1/node_modules/next/dist/compiled/scheduler/cjs/scheduler.development.js:256:34)
    at flushWork (webpack-internal:///(app-pages-browser)/../../node_modules/.pnpm/next@14.2.5_react-dom@18.3.1_react@18.3.1/node_modules/next/dist/compiled/scheduler/cjs/scheduler.development.js:225:14)
    at MessagePort.performWorkUntilDeadline (webpack-internal:///(app-pages-browser)/../../node_modules/.pnpm/next@14.2.5_react-dom@18.3.1_react@18.3.1/node_modules/next/dist/compiled/scheduler/cjs/scheduler.development.js:534:21)
[    3447ms] Error: Hydration failed because the initial UI does not match what was rendered on the server.
See more info here: https://nextjs.org/docs/messages/react-hydration-error
    at throwOnHydrationMismatch (webpack-internal:///(app-pages-browser)/../../node_modules/.pnpm/next@14.2.5_react-dom@18.3.1_react@18.3.1/node_modules/next/dist/compiled/react-dom/cjs/react-dom.development.js:6981:9)
    at tryToClaimNextHydratableInstance (webpack-internal:///(app-pages-browser)/../../node_modules/.pnpm/next@14.2.5_react-dom@18.3.1_react@18.3.1/node_modules/next/dist/compiled/react-dom/cjs/react-dom.development.js:7040:7)
    at updateHostComponent$1 (webpack-internal:///(app-pages-browser)/../../node_modules/.pnpm/next@14.2.5_react-dom@18.3.1_react@18.3.1/node_modules/next/dist/compiled/react-dom/cjs/react-dom.development.js:16621:5)
    at beginWork$1 (webpack-internal:///(app-pages-browser)/../../node_modules/.pnpm/next@14.2.5_react-dom@18.3.1_react@18.3.1/node_modules/next/dist/compiled/react-dom/cjs/react-dom.development.js:18503:14)
    at beginWork (webpack-internal:///(app-pages-browser)/../../node_modules/.pnpm/next@14.2.5_react-dom@18.3.1_react@18.3.1/node_modules/next/dist/compiled/react-dom/cjs/react-dom.development.js:26927:14)
    at performUnitOfWork (webpack-internal:///(app-pages-browser)/../../node_modules/.pnpm/next@14.2.5_react-dom@18.3.1_react@18.3.1/node_modules/next/dist/compiled/react-dom/cjs/react-dom.development.js:25748:12)
    at workLoopConcurrent (webpack-internal:///(app-pages-browser)/../../node_modules/.pnpm/next@14.2.5_react-dom@18.3.1_react@18.3.1/node_modules/next/dist/compiled/react-dom/cjs/react-dom.development.js:25734:5)
    at renderRootConcurrent (webpack-internal:///(app-pages-browser)/../../node_modules/.pnpm/next@14.2.5_react-dom@18.3.1_react@18.3.1/node_modules/next/dist/compiled/react-dom/cjs/react-dom.development.js:25690:9)
    at performConcurrentWorkOnRoot (webpack-internal:///(app-pages-browser)/../../node_modules/.pnpm/next@14.2.5_react-dom@18.3.1_react@18.3.1/node_modules/next/dist/compiled/react-dom/cjs/react-dom.development.js:24504:38)
    at workLoop (webpack-internal:///(app-pages-browser)/../../node_modules/.pnpm/next@14.2.5_react-dom@18.3.1_react@18.3.1/node_modules/next/dist/compiled/scheduler/cjs/scheduler.development.js:256:34)
    at flushWork (webpack-internal:///(app-pages-browser)/../../node_modules/.pnpm/next@14.2.5_react-dom@18.3.1_react@18.3.1/node_modules/next/dist/compiled/scheduler/cjs/scheduler.development.js:225:14)
    at MessagePort.performWorkUntilDeadline (webpack-internal:///(app-pages-browser)/../../node_modules/.pnpm/next@14.2.5_react-dom@18.3.1_react@18.3.1/node_modules/next/dist/compiled/scheduler/cjs/scheduler.development.js:534:21)
[    3447ms] Error: Hydration failed because the initial UI does not match what was rendered on the server.
See more info here: https://nextjs.org/docs/messages/react-hydration-error
    at throwOnHydrationMismatch (webpack-internal:///(app-pages-browser)/../../node_modules/.pnpm/next@14.2.5_react-dom@18.3.1_react@18.3.1/node_modules/next/dist/compiled/react-dom/cjs/react-dom.development.js:6981:9)
    at tryToClaimNextHydratableInstance (webpack-internal:///(app-pages-browser)/../../node_modules/.pnpm/next@14.2.5_react-dom@18.3.1_react@18.3.1/node_modules/next/dist/compiled/react-dom/cjs/react-dom.development.js:7040:7)
    at updateHostComponent$1 (webpack-internal:///(app-pages-browser)/../../node_modules/.pnpm/next@14.2.5_react-dom@18.3.1_react@18.3.1/node_modules/next/dist/compiled/react-dom/cjs/react-dom.development.js:16621:5)
    at beginWork$1 (webpack-internal:///(app-pages-browser)/../../node_modules/.pnpm/next@14.2.5_react-dom@18.3.1_react@18.3.1/node_modules/next/dist/compiled/react-dom/cjs/react-dom.development.js:18503:14)
    at beginWork (webpack-internal:///(app-pages-browser)/../../node_modules/.pnpm/next@14.2.5_react-dom@18.3.1_react@18.3.1/node_modules/next/dist/compiled/react-dom/cjs/react-dom.development.js:26927:14)
    at performUnitOfWork (webpack-internal:///(app-pages-browser)/../../node_modules/.pnpm/next@14.2.5_react-dom@18.3.1_react@18.3.1/node_modules/next/dist/compiled/react-dom/cjs/react-dom.development.js:25748:12)
    at workLoopConcurrent (webpack-internal:///(app-pages-browser)/../../node_modules/.pnpm/next@14.2.5_react-dom@18.3.1_react@18.3.1/node_modules/next/dist/compiled/react-dom/cjs/react-dom.development.js:25734:5)
    at renderRootConcurrent (webpack-internal:///(app-pages-browser)/../../node_modules/.pnpm/next@14.2.5_react-dom@18.3.1_react@18.3.1/node_modules/next/dist/compiled/react-dom/cjs/react-dom.development.js:25690:9)
    at performConcurrentWorkOnRoot (webpack-internal:///(app-pages-browser)/../../node_modules/.pnpm/next@14.2.5_react-dom@18.3.1_react@18.3.1/node_modules/next/dist/compiled/react-dom/cjs/react-dom.development.js:24504:38)
    at workLoop (webpack-internal:///(app-pages-browser)/../../node_modules/.pnpm/next@14.2.5_react-dom@18.3.1_react@18.3.1/node_modules/next/dist/compiled/scheduler/cjs/scheduler.development.js:256:34)
    at flushWork (webpack-internal:///(app-pages-browser)/../../node_modules/.pnpm/next@14.2.5_react-dom@18.3.1_react@18.3.1/node_modules/next/dist/compiled/scheduler/cjs/scheduler.development.js:225:14)
    at MessagePort.performWorkUntilDeadline (webpack-internal:///(app-pages-browser)/../../node_modules/.pnpm/next@14.2.5_react-dom@18.3.1_react@18.3.1/node_modules/next/dist/compiled/scheduler/cjs/scheduler.development.js:534:21)
[    3541ms] Error: Hydration failed because the initial UI does not match what was rendered on the server.
See more info here: https://nextjs.org/docs/messages/react-hydration-error
    at throwOnHydrationMismatch (webpack-internal:///(app-pages-browser)/../../node_modules/.pnpm/next@14.2.5_react-dom@18.3.1_react@18.3.1/node_modules/next/dist/compiled/react-dom/cjs/react-dom.development.js:6981:9)
    at tryToClaimNextHydratableInstance (webpack-internal:///(app-pages-browser)/../../node_modules/.pnpm/next@14.2.5_react-dom@18.3.1_react@18.3.1/node_modules/next/dist/compiled/react-dom/cjs/react-dom.development.js:7040:7)
    at updateHostComponent$1 (webpack-internal:///(app-pages-browser)/../../node_modules/.pnpm/next@14.2.5_react-dom@18.3.1_react@18.3.1/node_modules/next/dist/compiled/react-dom/cjs/react-dom.development.js:16621:5)
    at beginWork$1 (webpack-internal:///(app-pages-browser)/../../node_modules/.pnpm/next@14.2.5_react-dom@18.3.1_react@18.3.1/node_modules/next/dist/compiled/react-dom/cjs/react-dom.development.js:18503:14)
    at beginWork (webpack-internal:///(app-pages-browser)/../../node_modules/.pnpm/next@14.2.5_react-dom@18.3.1_react@18.3.1/node_modules/next/dist/compiled/react-dom/cjs/react-dom.development.js:26927:14)
    at performUnitOfWork (webpack-internal:///(app-pages-browser)/../../node_modules/.pnpm/next@14.2.5_react-dom@18.3.1_react@18.3.1/node_modules/next/dist/compiled/react-dom/cjs/react-dom.development.js:25748:12)
    at workLoopConcurrent (webpack-internal:///(app-pages-browser)/../../node_modules/.pnpm/next@14.2.5_react-dom@18.3.1_react@18.3.1/node_modules/next/dist/compiled/react-dom/cjs/react-dom.development.js:25734:5)
    at renderRootConcurrent (webpack-internal:///(app-pages-browser)/../../node_modules/.pnpm/next@14.2.5_react-dom@18.3.1_react@18.3.1/node_modules/next/dist/compiled/react-dom/cjs/react-dom.development.js:25690:9)
    at performConcurrentWorkOnRoot (webpack-internal:///(app-pages-browser)/../../node_modules/.pnpm/next@14.2.5_react-dom@18.3.1_react@18.3.1/node_modules/next/dist/compiled/react-dom/cjs/react-dom.development.js:24504:38)
    at workLoop (webpack-internal:///(app-pages-browser)/../../node_modules/.pnpm/next@14.2.5_react-dom@18.3.1_react@18.3.1/node_modules/next/dist/compiled/scheduler/cjs/scheduler.development.js:256:34)
    at flushWork (webpack-internal:///(app-pages-browser)/../../node_modules/.pnpm/next@14.2.5_react-dom@18.3.1_react@18.3.1/node_modules/next/dist/compiled/scheduler/cjs/scheduler.development.js:225:14)
    at MessagePort.performWorkUntilDeadline (webpack-internal:///(app-pages-browser)/../../node_modules/.pnpm/next@14.2.5_react-dom@18.3.1_react@18.3.1/node_modules/next/dist/compiled/scheduler/cjs/scheduler.development.js:534:21)
[    3542ms] Error: Hydration failed because the initial UI does not match what was rendered on the server.
See more info here: https://nextjs.org/docs/messages/react-hydration-error
    at throwOnHydrationMismatch (webpack-internal:///(app-pages-browser)/../../node_modules/.pnpm/next@14.2.5_react-dom@18.3.1_react@18.3.1/node_modules/next/dist/compiled/react-dom/cjs/react-dom.development.js:6981:9)
    at tryToClaimNextHydratableInstance (webpack-internal:///(app-pages-browser)/../../node_modules/.pnpm/next@14.2.5_react-dom@18.3.1_react@18.3.1/node_modules/next/dist/compiled/react-dom/cjs/react-dom.development.js:7040:7)
    at updateHostComponent$1 (webpack-internal:///(app-pages-browser)/../../node_modules/.pnpm/next@14.2.5_react-dom@18.3.1_react@18.3.1/node_modules/next/dist/compiled/react-dom/cjs/react-dom.development.js:16621:5)
    at beginWork$1 (webpack-internal:///(app-pages-browser)/../../node_modules/.pnpm/next@14.2.5_react-dom@18.3.1_react@18.3.1/node_modules/next/dist/compiled/react-dom/cjs/react-dom.development.js:18503:14)
    at beginWork (webpack-internal:///(app-pages-browser)/../../node_modules/.pnpm/next@14.2.5_react-dom@18.3.1_react@18.3.1/node_modules/next/dist/compiled/react-dom/cjs/react-dom.development.js:26927:14)
    at performUnitOfWork (webpack-internal:///(app-pages-browser)/../../node_modules/.pnpm/next@14.2.5_react-dom@18.3.1_react@18.3.1/node_modules/next/dist/compiled/react-dom/cjs/react-dom.development.js:25748:12)
    at workLoopConcurrent (webpack-internal:///(app-pages-browser)/../../node_modules/.pnpm/next@14.2.5_react-dom@18.3.1_react@18.3.1/node_modules/next/dist/compiled/react-dom/cjs/react-dom.development.js:25734:5)
    at renderRootConcurrent (webpack-internal:///(app-pages-browser)/../../node_modules/.pnpm/next@14.2.5_react-dom@18.3.1_react@18.3.1/node_modules/next/dist/compiled/react-dom/cjs/react-dom.development.js:25690:9)
    at performConcurrentWorkOnRoot (webpack-internal:///(app-pages-browser)/../../node_modules/.pnpm/next@14.2.5_react-dom@18.3.1_react@18.3.1/node_modules/next/dist/compiled/react-dom/cjs/react-dom.development.js:24504:38)
    at workLoop (webpack-internal:///(app-pages-browser)/../../node_modules/.pnpm/next@14.2.5_react-dom@18.3.1_react@18.3.1/node_modules/next/dist/compiled/scheduler/cjs/scheduler.development.js:256:34)
    at flushWork (webpack-internal:///(app-pages-browser)/../../node_modules/.pnpm/next@14.2.5_react-dom@18.3.1_react@18.3.1/node_modules/next/dist/compiled/scheduler/cjs/scheduler.development.js:225:14)
    at MessagePort.performWorkUntilDeadline (webpack-internal:///(app-pages-browser)/../../node_modules/.pnpm/next@14.2.5_react-dom@18.3.1_react@18.3.1/node_modules/next/dist/compiled/scheduler/cjs/scheduler.development.js:534:21)
[    3543ms] Error: Hydration failed because the initial UI does not match what was rendered on the server.
See more info here: https://nextjs.org/docs/messages/react-hydration-error
    at throwOnHydrationMismatch (webpack-internal:///(app-pages-browser)/../../node_modules/.pnpm/next@14.2.5_react-dom@18.3.1_react@18.3.1/node_modules/next/dist/compiled/react-dom/cjs/react-dom.development.js:6981:9)
    at tryToClaimNextHydratableInstance (webpack-internal:///(app-pages-browser)/../../node_modules/.pnpm/next@14.2.5_react-dom@18.3.1_react@18.3.1/node_modules/next/dist/compiled/react-dom/cjs/react-dom.development.js:7040:7)
    at updateHostComponent$1 (webpack-internal:///(app-pages-browser)/../../node_modules/.pnpm/next@14.2.5_react-dom@18.3.1_react@18.3.1/node_modules/next/dist/compiled/react-dom/cjs/react-dom.development.js:16621:5)
    at beginWork$1 (webpack-internal:///(app-pages-browser)/../../node_modules/.pnpm/next@14.2.5_react-dom@18.3.1_react@18.3.1/node_modules/next/dist/compiled/react-dom/cjs/react-dom.development.js:18503:14)
    at beginWork (webpack-internal:///(app-pages-browser)/../../node_modules/.pnpm/next@14.2.5_react-dom@18.3.1_react@18.3.1/node_modules/next/dist/compiled/react-dom/cjs/react-dom.development.js:26927:14)
    at performUnitOfWork (webpack-internal:///(app-pages-browser)/../../node_modules/.pnpm/next@14.2.5_react-dom@18.3.1_react@18.3.1/node_modules/next/dist/compiled/react-dom/cjs/react-dom.development.js:25748:12)
    at workLoopConcurrent (webpack-internal:///(app-pages-browser)/../../node_modules/.pnpm/next@14.2.5_react-dom@18.3.1_react@18.3.1/node_modules/next/dist/compiled/react-dom/cjs/react-dom.development.js:25734:5)
    at renderRootConcurrent (webpack-internal:///(app-pages-browser)/../../node_modules/.pnpm/next@14.2.5_react-dom@18.3.1_react@18.3.1/node_modules/next/dist/compiled/react-dom/cjs/react-dom.development.js:25690:9)
    at performConcurrentWorkOnRoot (webpack-internal:///(app-pages-browser)/../../node_modules/.pnpm/next@14.2.5_react-dom@18.3.1_react@18.3.1/node_modules/next/dist/compiled/react-dom/cjs/react-dom.development.js:24504:38)
    at workLoop (webpack-internal:///(app-pages-browser)/../../node_modules/.pnpm/next@14.2.5_react-dom@18.3.1_react@18.3.1/node_modules/next/dist/compiled/scheduler/cjs/scheduler.development.js:256:34)
    at flushWork (webpack-internal:///(app-pages-browser)/../../node_modules/.pnpm/next@14.2.5_react-dom@18.3.1_react@18.3.1/node_modules/next/dist/compiled/scheduler/cjs/scheduler.development.js:225:14)
    at MessagePort.performWorkUntilDeadline (webpack-internal:///(app-pages-browser)/../../node_modules/.pnpm/next@14.2.5_react-dom@18.3.1_react@18.3.1/node_modules/next/dist/compiled/scheduler/cjs/scheduler.development.js:534:21)
[    3544ms] Error: There was an error while hydrating. Because the error happened outside of a Suspense boundary, the entire root will switch to client rendering.
See more info here: https://nextjs.org/docs/messages/react-hydration-error
    at updateHostRoot (webpack-internal:///(app-pages-browser)/../../node_modules/.pnpm/next@14.2.5_react-dom@18.3.1_react@18.3.1/node_modules/next/dist/compiled/react-dom/cjs/react-dom.development.js:16571:57)
    at beginWork$1 (webpack-internal:///(app-pages-browser)/../../node_modules/.pnpm/next@14.2.5_react-dom@18.3.1_react@18.3.1/node_modules/next/dist/compiled/react-dom/cjs/react-dom.development.js:18486:14)
    at beginWork (webpack-internal:///(app-pages-browser)/../../node_modules/.pnpm/next@14.2.5_react-dom@18.3.1_react@18.3.1/node_modules/next/dist/compiled/react-dom/cjs/react-dom.development.js:26927:14)
    at performUnitOfWork (webpack-internal:///(app-pages-browser)/../../node_modules/.pnpm/next@14.2.5_react-dom@18.3.1_react@18.3.1/node_modules/next/dist/compiled/react-dom/cjs/react-dom.development.js:25748:12)
    at workLoopSync (webpack-internal:///(app-pages-browser)/../../node_modules/.pnpm/next@14.2.5_react-dom@18.3.1_react@18.3.1/node_modules/next/dist/compiled/react-dom/cjs/react-dom.development.js:25464:5)
    at renderRootSync (webpack-internal:///(app-pages-browser)/../../node_modules/.pnpm/next@14.2.5_react-dom@18.3.1_react@18.3.1/node_modules/next/dist/compiled/react-dom/cjs/react-dom.development.js:25419:7)
    at recoverFromConcurrentError (webpack-internal:///(app-pages-browser)/../../node_modules/.pnpm/next@14.2.5_react-dom@18.3.1_react@18.3.1/node_modules/next/dist/compiled/react-dom/cjs/react-dom.development.js:24597:20)
    at performConcurrentWorkOnRoot (webpack-internal:///(app-pages-browser)/../../node_modules/.pnpm/next@14.2.5_react-dom@18.3.1_react@18.3.1/node_modules/next/dist/compiled/react-dom/cjs/react-dom.development.js:24542:26)
    at workLoop (webpack-internal:///(app-pages-browser)/../../node_modules/.pnpm/next@14.2.5_react-dom@18.3.1_react@18.3.1/node_modules/next/dist/compiled/scheduler/cjs/scheduler.development.js:256:34)
    at flushWork (webpack-internal:///(app-pages-browser)/../../node_modules/.pnpm/next@14.2.5_react-dom@18.3.1_react@18.3.1/node_modules/next/dist/compiled/scheduler/cjs/scheduler.development.js:225:14)
    at MessagePort.performWorkUntilDeadline (webpack-internal:///(app-pages-browser)/../../node_modules/.pnpm/next@14.2.5_react-dom@18.3.1_react@18.3.1/node_modules/next/dist/compiled/scheduler/cjs/scheduler.development.js:534:21)
[    4141ms] [WARNING] ./app/globals.css.webpack[javascript/auto]!=!../../node_modules/.pnpm/next@14.2.5_react-dom@18.3.1_react@18.3.1/node_modules/next/dist/build/webpack/loaders/css-loader/src/index.js??ruleSet[1].rules[13].oneOf[12].use[2]!../../node_modules/.pnpm/next@14.2.5_react-dom@18.3.1_react@18.3.1/node_modules/next/dist/build/webpack/loaders/postcss-loader/src/index.js??ruleSet[1].rules[13].oneOf[12].use[3]!./app/globals.css
Warning

(1052:3) autoprefixer: end value has mixed support, consider using flex-end instead @ webpack-internal:///(app-pages-browser)/../../node_modules/.pnpm/next@14.2.5_react-dom@18.3.1_react@18.3.1/node_modules/next/dist/client/components/react-dev-overlay/app/hot-reloader-client.js:226
