[    1515ms] [INFO] %cDownload the React DevTools for a better development experience: https://reactjs.org/link/react-devtools font-weight:bold @ webpack-internal:///(app-pages-browser)/../../node_modules/.pnpm/next@14.2.5_react-dom@18.3.1_react@18.3.1/node_modules/next/dist/compiled/react-dom/cjs/react-dom.development.js:38559
[    1796ms] [ERROR] Failed to load resource: the server responded with a status of 404 (Not Found) @ http://localhost:3000/favicon.ico:0
[    1811ms] [ERROR] Warning: Encountered two children with the same key, `%s`. Keys should be unique so that components maintain their identity across updates. Non-unique keys may cause children to be duplicated and/or omitted — the behavior is unsupported and could change in a future version.%s /products 
    at nav
    at header
    at StoreHeader (Server)
    at div
    at body
    at html
    at RootLayout (Server)
    at RedirectErrorBoundary (webpack-internal:///(app-pages-browser)/../../node_modules/.pnpm/next@14.2.5_react-dom@18.3.1_react@18.3.1/node_modules/next/dist/client/components/redirect-boundary.js:74:9)
    at RedirectBoundary (webpack-internal:///(app-pages-browser)/../../node_modules/.pnpm/next@14.2.5_react-dom@18.3.1_react@18.3.1/node_modules/next/dist/client/components/redirect-boundary.js:82:11)
    at NotFoundErrorBoundary (webpack-internal:///(app-pages-browser)/../../node_modules/.pnpm/next@14.2.5_react-dom@18.3.1_react@18.3.1/node_modules/next/dist/client/components/not-found-boundary.js:76:9)
    at NotFoundBoundary (webpack-internal:///(app-pages-browser)/../../node_modules/.pnpm/next@14.2.5_react-dom@18.3.1_react@18.3.1/node_modules/next/dist/client/components/not-found-boundary.js:84:11)
    at DevRootNotFoundBoundary (webpack-internal:///(app-pages-browser)/../../node_modules/.pnpm/next@14.2.5_react-dom@18.3.1_react@18.3.1/node_modules/next/dist/client/components/dev-root-not-found-boundary.js:33:11)
    at ReactDevOverlay (webpack-internal:///(app-pages-browser)/../../node_modules/.pnpm/next@14.2.5_react-dom@18.3.1_react@18.3.1/node_modules/next/dist/client/components/react-dev-overlay/app/ReactDevOverlay.js:87:9)
    at HotReload (webpack-internal:///(app-pages-browser)/../../node_modules/.pnpm/next@14.2.5_react-dom@18.3.1_react@18.3.1/node_modules/next/dist/client/components/react-dev-overlay/app/hot-reloader-client.js:321:11)
    at Router (webpack-internal:///(app-pages-browser)/../../node_modules/.pnpm/next@14.2.5_react-dom@18.3.1_react@18.3.1/node_modules/next/dist/client/components/app-router.js:207:11)
    at ErrorBoundaryHandler (webpack-internal:///(app-pages-browser)/../../node_modules/.pnpm/next@14.2.5_react-dom@18.3.1_react@18.3.1/node_modules/next/dist/client/components/error-boundary.js:113:9)
    at ErrorBoundary (webpack-internal:///(app-pages-browser)/../../node_modules/.pnpm/next@14.2.5_react-dom@18.3.1_react@18.3.1/node_modules/next/dist/client/components/error-boundary.js:160:11)
    at AppRouter (webpack-internal:///(app-pages-browser)/../../node_modules/.pnpm/next@14.2.5_react-dom@18.3.1_react@18.3.1/node_modules/next/dist/client/components/app-router.js:585:13)
    at ServerRoot (webpack-internal:///(app-pages-browser)/../../node_modules/.pnpm/next@14.2.5_react-dom@18.3.1_react@18.3.1/node_modules/next/dist/client/app-index.js:112:27)
    at Root (webpack-internal:///(app-pages-browser)/../../node_modules/.pnpm/next@14.2.5_react-dom@18.3.1_react@18.3.1/node_modules/next/dist/client/app-index.js:117:11) @ webpack-internal:///(app-pages-browser)/../../node_modules/.pnpm/next@14.2.5_react-dom@18.3.1_react@18.3.1/node_modules/next/dist/client/app-index.js:32
[  175546ms] [LOG] [Fast Refresh] rebuilding @ webpack-internal:///(app-pages-browser)/../../node_modules/.pnpm/next@14.2.5_react-dom@18.3.1_react@18.3.1/node_modules/next/dist/client/components/react-dev-overlay/app/hot-reloader-client.js:186
[  336707ms] [LOG] [Fast Refresh] rebuilding @ webpack-internal:///(app-pages-browser)/../../node_modules/.pnpm/next@14.2.5_react-dom@18.3.1_react@18.3.1/node_modules/next/dist/client/components/react-dev-overlay/app/hot-reloader-client.js:186
[  339380ms] [WARNING] ./app/globals.css.webpack[javascript/auto]!=!../../node_modules/.pnpm/next@14.2.5_react-dom@18.3.1_react@18.3.1/node_modules/next/dist/build/webpack/loaders/css-loader/src/index.js??ruleSet[1].rules[13].oneOf[12].use[2]!../../node_modules/.pnpm/next@14.2.5_react-dom@18.3.1_react@18.3.1/node_modules/next/dist/build/webpack/loaders/postcss-loader/src/index.js??ruleSet[1].rules[13].oneOf[12].use[3]!./app/globals.css
Warning

(1024:3) autoprefixer: end value has mixed support, consider using flex-end instead

Import trace for requested module:
./app/globals.css.webpack[javascript/auto]!=!../../node_modules/.pnpm/next@14.2.5_react-dom@18.3.1_react@18.3.1/node_modules/next/dist/build/webpack/loaders/css-loader/src/index.js??ruleSet[1].rules[13].oneOf[12].use[2]!../../node_modules/.pnpm/next@14.2.5_react-dom@18.3.1_react@18.3.1/node_modules/next/dist/build/webpack/loaders/postcss-loader/src/index.js??ruleSet[1].rules[13].oneOf[12].use[3]!./app/globals.css
./app/globals.css @ webpack-internal:///(app-pages-browser)/../../node_modules/.pnpm/next@14.2.5_react-dom@18.3.1_react@18.3.1/node_modules/next/dist/client/components/react-dev-overlay/app/hot-reloader-client.js:226
[  339415ms] [LOG] [Fast Refresh] done in 2708ms @ webpack-internal:///(app-pages-browser)/../../node_modules/.pnpm/next@14.2.5_react-dom@18.3.1_react@18.3.1/node_modules/next/dist/client/components/react-dev-overlay/app/hot-reloader-client.js:43
